[963 - Suricata-Main] 2026-04-24 11:41:57 Notice: suricata: This is Suricata version 8.0.3 RELEASE running in SYSTEM mode
[963 - Suricata-Main] 2026-04-24 11:41:57 Info: cpu: CPUs/cores online: 8
[963 - Suricata-Main] 2026-04-24 11:41:57 Info: suricata: Setting engine mode to IDS mode by default
[963 - Suricata-Main] 2026-04-24 11:41:57 Info: exception-policy: master exception-policy set to: auto
[963 - Suricata-Main] 2026-04-24 11:41:57 Info: suricata: Preparing unexpected signal handling
[963 - Suricata-Main] 2026-04-24 11:41:57 Info: coredump-config: Max dump is 0, disable core dumping.
[963 - Suricata-Main] 2026-04-24 11:41:57 Info: coredump-config: Core dump setting attempted is 0
[963 - Suricata-Main] 2026-04-24 11:41:57 Info: coredump-config: Core dump size set to 0
[963 - Suricata-Main] 2026-04-24 11:42:22 Info: detect: 6 rule files processed. 57699 rules successfully loaded, 0 rules failed, 0 rules skipped
[963 - Suricata-Main] 2026-04-24 11:42:22 Info: threshold-config: Threshold config parsed: 0 rule(s) found
[963 - Suricata-Main] 2026-04-24 11:42:22 Info: detect: 57704 signatures processed. 1248 are IP-only rules, 4546 are inspecting packet payload, 51675 inspect application layer, 110 are decoder event only
[963 - Suricata-Main] 2026-04-24 11:42:26 Notice: mpm-hs: Rule group caching - loaded: 114 newly cached: 0 total cacheable: 114
[963 - Suricata-Main] 2026-04-24 11:42:26 Info: unix-manager: unix socket '/var/run/suricata/suricata-command-1.socket'
[963 - Suricata-Main] 2026-04-24 11:42:26 Notice: threads: Threads created ->   Engine started.
[978 - US] 2026-04-24 11:42:53 Info: unix-socket: Added file '/data/pcap/processed/mnetsniff-ens33_1773748190.pcap' to list
[978 - US] 2026-04-24 11:42:53 Info: unix-socket: pcap-file.tenant-id not set
[978 - US] 2026-04-24 11:42:53 Info: unix-socket: Starting run for '/data/pcap/processed/mnetsniff-ens33_1773748190.pcap'
[978 - US] 2026-04-24 11:42:54 Info: logopenfile: eve-log output device (regular) initialized: eve.json
[993 - RX#01] 2026-04-24 11:43:07 Info: pcap: Starting file run for /data/pcap/processed/mnetsniff-ens33_1773748190.pcap
[993 - RX#01] 2026-04-24 11:43:07 Info: checksum: No packets with invalid checksum, assuming checksum offloading is NOT used
[993 - RX#01] 2026-04-24 11:43:09 Info: pcap: pcap file /data/pcap/processed/mnetsniff-ens33_1773748190.pcap end of file reached (pcap err code 0)
[993 - RX#01] 2026-04-24 11:43:09 Info: unix-socket: Marking current task as done
[978 - US] 2026-04-24 11:43:09 Info: unix-socket: Resetting engine state
[993 - RX#01] 2026-04-24 11:43:10 Notice: pcap: read 1 file, 23865 packets, 26564392 bytes
[914 - Suricata-Main] 2026-04-24 12:04:43 Notice: suricata: This is Suricata version 8.0.3 RELEASE running in SYSTEM mode
[914 - Suricata-Main] 2026-04-24 12:04:43 Info: cpu: CPUs/cores online: 8
[914 - Suricata-Main] 2026-04-24 12:04:43 Info: suricata: Setting engine mode to IDS mode by default
[914 - Suricata-Main] 2026-04-24 12:04:43 Info: exception-policy: master exception-policy set to: auto
[914 - Suricata-Main] 2026-04-24 12:04:44 Info: suricata: Preparing unexpected signal handling
[914 - Suricata-Main] 2026-04-24 12:04:44 Info: coredump-config: Max dump is 0, disable core dumping.
[914 - Suricata-Main] 2026-04-24 12:04:44 Info: coredump-config: Core dump setting attempted is 0
[914 - Suricata-Main] 2026-04-24 12:04:44 Info: coredump-config: Core dump size set to 0
[914 - Suricata-Main] 2026-04-24 12:05:13 Info: detect: 6 rule files processed. 57699 rules successfully loaded, 0 rules failed, 0 rules skipped
[914 - Suricata-Main] 2026-04-24 12:05:14 Info: threshold-config: Threshold config parsed: 0 rule(s) found
[914 - Suricata-Main] 2026-04-24 12:05:14 Info: detect: 57704 signatures processed. 1248 are IP-only rules, 4546 are inspecting packet payload, 51675 inspect application layer, 110 are decoder event only
[914 - Suricata-Main] 2026-04-24 12:05:15 Notice: mpm-hs: Rule group caching - loaded: 114 newly cached: 0 total cacheable: 114
[914 - Suricata-Main] 2026-04-24 12:05:15 Info: unix-manager: unix socket '/var/run/suricata/suricata-command-1.socket'
[914 - Suricata-Main] 2026-04-24 12:05:15 Notice: threads: Threads created ->   Engine started.
[925 - US] 2026-04-24 12:05:48 Info: unix-socket: Added file '/data/pcap/processed/mnetsniff-ens33_1773748190.pcap' to list
[925 - US] 2026-04-24 12:05:48 Info: unix-socket: pcap-file.tenant-id not set
[925 - US] 2026-04-24 12:05:48 Info: unix-socket: Starting run for '/data/pcap/processed/mnetsniff-ens33_1773748190.pcap'
[925 - US] 2026-04-24 12:05:48 Info: logopenfile: eve-log output device (regular) initialized: eve.json
[948 - RX#01] 2026-04-24 12:05:52 Info: pcap: Starting file run for /data/pcap/processed/mnetsniff-ens33_1773748190.pcap
[948 - RX#01] 2026-04-24 12:05:52 Info: checksum: No packets with invalid checksum, assuming checksum offloading is NOT used
[948 - RX#01] 2026-04-24 12:05:54 Info: pcap: pcap file /data/pcap/processed/mnetsniff-ens33_1773748190.pcap end of file reached (pcap err code 0)
[948 - RX#01] 2026-04-24 12:05:54 Info: unix-socket: Marking current task as done
[925 - US] 2026-04-24 12:05:54 Info: unix-socket: Resetting engine state
[948 - RX#01] 2026-04-24 12:05:57 Notice: pcap: read 1 file, 23865 packets, 26564392 bytes
